<?xml version="1.0" encoding="UTF-8"?>
<testng-results ignored="0" total="1" passed="1" failed="0" skipped="0">
  <reporter-output>
  </reporter-output>
  <suite started-at="2023-10-17T09:30:11 IST" name="Default suite" finished-at="2023-10-17T09:30:20 IST" duration-ms="9407">
    <groups>
    </groups>
    <test started-at="2023-10-17T09:30:11 IST" name="Default test" finished-at="2023-10-17T09:30:20 IST" duration-ms="9407">
      <class name="oct17th.AlertHandle">
        <test-method is-config="true" signature="setUp()[pri:0, instance:oct17th.AlertHandle@272ed83b]" started-at="2023-10-17T09:30:11 IST" name="setUp" finished-at="2023-10-17T09:30:14 IST" duration-ms="2937" status="PASS">
          <reporter-output>
          </reporter-output>
        </test-method> <!-- setUp -->
        <test-method signature="alertHandlingTest()[pri:0, instance:oct17th.AlertHandle@272ed83b]" started-at="2023-10-17T09:30:14 IST" name="alertHandlingTest" finished-at="2023-10-17T09:30:17 IST" duration-ms="3152" status="PASS">
          <reporter-output>
          </reporter-output>
        </test-method> <!-- alertHandlingTest -->
        <test-method is-config="true" signature="teardown()[pri:0, instance:oct17th.AlertHandle@272ed83b]" started-at="2023-10-17T09:30:17 IST" name="teardown" finished-at="2023-10-17T09:30:20 IST" duration-ms="3276" status="PASS">
          <reporter-output>
          </reporter-output>
        </test-method> <!-- teardown -->
      </class> <!-- oct17th.AlertHandle -->
    </test> <!-- Default test -->
  </suite> <!-- Default suite -->
</testng-results>
