<?xml version="1.0" encoding="UTF-8"?>
<testng-results ignored="0" total="1" passed="1" failed="0" skipped="0">
  <reporter-output>
  </reporter-output>
  <suite started-at="2023-10-18T09:51:52 IST" name="Default suite" finished-at="2023-10-18T09:52:02 IST" duration-ms="9875">
    <groups>
    </groups>
    <test started-at="2023-10-18T09:51:52 IST" name="Default test" finished-at="2023-10-18T09:52:02 IST" duration-ms="9875">
      <class name="oct18th.ScrollDemo">
        <test-method is-config="true" signature="setUp()[pri:0, instance:oct18th.ScrollDemo@2cd2a21f]" started-at="2023-10-18T09:51:52 IST" name="setUp" finished-at="2023-10-18T09:51:55 IST" duration-ms="3455" status="PASS">
          <reporter-output>
          </reporter-output>
        </test-method> <!-- setUp -->
        <test-method signature="alertHandlingTest()[pri:0, instance:oct18th.ScrollDemo@2cd2a21f]" started-at="2023-10-18T09:51:55 IST" name="alertHandlingTest" finished-at="2023-10-18T09:51:59 IST" duration-ms="3056" status="PASS">
          <reporter-output>
          </reporter-output>
        </test-method> <!-- alertHandlingTest -->
        <test-method is-config="true" signature="teardown()[pri:0, instance:oct18th.ScrollDemo@2cd2a21f]" started-at="2023-10-18T09:51:59 IST" name="teardown" finished-at="2023-10-18T09:52:02 IST" duration-ms="3310" status="PASS">
          <reporter-output>
          </reporter-output>
        </test-method> <!-- teardown -->
      </class> <!-- oct18th.ScrollDemo -->
    </test> <!-- Default test -->
  </suite> <!-- Default suite -->
</testng-results>
